2024-08-16 00:12:28 [INFO]Employee created: HaKIM Habibli
2024-08-16 00:12:30 [INFO]Employee created: HaKIM Habibli
2024-08-16 00:13:35 [INFO]Employee created: Judger asdasd
2024-08-16 00:13:35 [INFO]Employee created: Judger asdasd
2024-08-18 18:58:48 [INFO]Employee created: Test Testli
2024-08-18 19:12:30 [INFO]Employee created: Test1 Test1
2024-08-18 19:16:17 [INFO]Employee created: Test2 Test2
2024-08-18 19:50:32 [INFO]Employee created: Test2 Test2
2024-08-18 19:51:47 [INFO]Employee created: Test2 Test2
2024-08-18 19:51:51 [INFO]Employee created: Test2 Test2
2024-08-18 19:52:32 [INFO]Employee created: Test2 Test2
2024-08-18 19:58:57 [INFO]Employee created: Test2 Test2
2024-08-18 19:59:32 [INFO]Employee created: Test2 Test2
2024-08-18 20:04:15 [INFO]Employee created: Test2 Test2
2024-08-18 20:05:19 [INFO]Employee created: Test2 Test2
2024-08-18 20:05:46 [INFO]Employee created: Successfulllltyyyy Successfulllltyyyy
2024-08-18 20:07:11 [INFO]Employee created: Successfulllltyyyy Successfulllltyyyy
2024-08-18 20:08:19 [INFO]Employee created: Successfulllltyyyy Successfulllltyyyy
2024-08-18 20:09:58 [INFO]Employee created: Successfulllltyyyy Successfulllltyyyy
2024-08-18 20:31:46 [INFO]Employee created: Successfulllltyyyy Successfulllltyyyy
2024-08-18 20:36:22 [INFO]Employee created: Successfulllltyyyy Successfulllltyyyy
2024-08-18 21:02:03 [INFO]Employee created: Successfulllltyyyy Successfulllltyyyy
2024-08-18 21:53:02 [INFO]Employee created: Successfulllltyyyy Successfulllltyyyy
2024-08-18 21:54:02 [INFO]Employee created: Successfulllltyyyy Successfulllltyyyy
2024-08-18 22:17:04 [INFO]Employee created: Successfulllltyyyy Successfulllltyyyy
2024-08-18 22:17:53 [INFO]Employee created: Successfulllltyyyy Successfulllltyyyy
2024-08-18 22:22:09 [INFO]Employee created: Successfulllltyyyy Successfulllltyyyy
2024-08-18 22:22:39 [INFO]Employee created: Successfulllltyyyy Successfulllltyyyy
2024-08-18 22:24:24 [INFO]Employee created: Successfulllltyyyy Successfulllltyyyy
2024-08-18 22:25:37 [INFO]Employee created: Successfulllltyyyy Successfulllltyyyy
2024-08-18 22:26:46 [INFO]Employee created: Successfulllltyyyy Successfulllltyyyy
2024-08-18 22:27:10 [INFO]Employee created: Successfulllltyyyy Successfulllltyyyy
2024-08-18 22:34:54 [INFO]Employee created: Successfulllltyyyy Successfulllltyyyy
2024-08-18 22:52:33 [INFO]Employee created: Successfulllltyyyy Successfulllltyyyy
2024-08-19 09:44:22 [INFO]Employee created: Successfulllltyyyy Successfulllltyyyy
2024-08-19 09:50:13 [INFO]Employee updated: Successfulllltyyyy Successfulllltyyyy
2024-08-19 09:54:37 [INFO]Employee created: Successfulllltyyyy Successfulllltyyyy
2024-08-19 14:04:14 [INFO]Employee created: Successfulllltyyyy Successfulllltyyyy
2024-08-19 14:05:41 [INFO]Employee created: Successfulllltyyyy Successfulllltyyyy
